<?xml version="1.0" encoding="UTF-8"?>
<!-- Generated by org.testng.reporters.JUnitReportReporter -->
<testsuite hostname="DESKTOP-HACB02N" failures="0" tests="1" name="Runner.Testrunner" time="0.234" errors="0" timestamp="2022-12-16T13:22:27 IST" skipped="0">
  <testcase classname="Runner.Testrunner" name="runScenario" time="0.234"/>
  <system-out/>
</testsuite> <!-- Runner.Testrunner -->
