<?xml version="1.0" encoding="UTF-8"?>
<!-- Generated by org.testng.reporters.JUnitReportReporter -->
<testsuite hostname="DESKTOP-HACB02N" failures="0" tests="3" name="framework.testdemo1" time="20.928" errors="0" timestamp="2022-12-19T13:04:56 IST" skipped="0">
  <testcase classname="framework.testdemo1" name="login" time="3.336"/>
  <system-out/>
  <testcase classname="framework.testdemo1" name="homepage" time="11.681"/>
  <system-out/>
  <testcase classname="framework.testdemo1" name="logout" time="5.911"/>
  <system-out/>
</testsuite> <!-- framework.testdemo1 -->
