<?xml version="1.0" encoding="UTF-8"?>
<!-- Generated by org.testng.reporters.JUnitReportReporter -->
<testsuite hostname="DESKTOP-HACB02N" failures="0" tests="5" name="rest_assured.class01" time="3.937" errors="0" timestamp="2023-01-16T11:02:44 IST" skipped="4">
  <testcase classname="rest_assured.class01" name="createresource" time="3.937"/>
  <system-out/>
  <testcase classname="rest_assured.class01" name="deleteresource">
    <skipped/>
  </testcase> <!-- deleteresource -->
  <system-out/>
  <testcase classname="rest_assured.class01" name="getresource">
    <skipped/>
  </testcase> <!-- getresource -->
  <system-out/>
  <testcase classname="rest_assured.class01" name="updateresource">
    <skipped/>
  </testcase> <!-- updateresource -->
  <system-out/>
  <testcase classname="rest_assured.class01" name="testcase1">
    <skipped/>
  </testcase> <!-- testcase1 -->
  <system-out/>
</testsuite> <!-- rest_assured.class01 -->
