<?xml version="1.0" encoding="UTF-8"?>
<!-- Generated by org.testng.reporters.JUnitReportReporter -->
<testsuite hostname="DESKTOP-HACB02N" failures="0" tests="5" name="rest_assured.class01" time="6.030" errors="0" timestamp="2023-01-02T15:15:07 IST" skipped="4">
  <testcase classname="rest_assured.class01" name="testcase5" time="6.030"/>
  <system-out/>
  <testcase classname="rest_assured.class01" name="testcase3">
    <skipped/>
  </testcase> <!-- testcase3 -->
  <system-out/>
  <testcase classname="rest_assured.class01" name="testcase2">
    <skipped/>
  </testcase> <!-- testcase2 -->
  <system-out/>
  <testcase classname="rest_assured.class01" name="testcase4">
    <skipped/>
  </testcase> <!-- testcase4 -->
  <system-out/>
  <testcase classname="rest_assured.class01" name="testcase1">
    <skipped/>
  </testcase> <!-- testcase1 -->
  <system-out/>
</testsuite> <!-- rest_assured.class01 -->
