<?xml version="1.0" encoding="UTF-8"?>
<!-- Generated by org.testng.reporters.JUnitReportReporter -->
<testsuite hostname="DESKTOP-HACB02N" failures="0" tests="7" name="Demoqapage.Elementspage" time="79.201" errors="0" timestamp="2023-01-04T17:21:51 IST" skipped="0">
  <testcase classname="Demoqapage.Elementspage" name="textbox" time="9.024"/>
  <system-out/>
  <testcase classname="Demoqapage.Elementspage" name="CheckBox" time="5.379"/>
  <system-out/>
  <testcase classname="Demoqapage.Elementspage" name="RadioButton" time="5.290"/>
  <system-out/>
  <testcase classname="Demoqapage.Elementspage" name="WebTables" time="11.729"/>
  <system-out/>
  <testcase classname="Demoqapage.Elementspage" name="Buttons" time="10.760"/>
  <system-out/>
  <testcase classname="Demoqapage.Elementspage" name="Links" time="27.602"/>
  <system-out/>
  <testcase classname="Demoqapage.Elementspage" name="UploadandDownload" time="9.417"/>
  <system-out/>
</testsuite> <!-- Demoqapage.Elementspage -->
