<?xml version="1.0" encoding="UTF-8"?>
<!-- Generated by org.testng.reporters.JUnitReportReporter -->
<testsuite hostname="DESKTOP-HACB02N" failures="0" tests="1" name="satish12345.Extent_Report" time="4.315" errors="0" timestamp="2023-01-27T10:16:36 IST" skipped="0">
  <testcase classname="satish12345.Extent_Report" name="orangehrm" time="4.315"/>
  <system-out/>
</testsuite> <!-- satish12345.Extent_Report -->
