<?xml version="1.0" encoding="UTF-8"?>
<!-- Generated by org.testng.reporters.JUnitReportReporter -->
<testsuite hostname="DESKTOP-HACB02N" failures="0" tests="4" name="satish12345.assertcondition" time="0.020" errors="0" timestamp="2023-01-29T20:07:25 IST" skipped="0">
  <testcase classname="satish12345.assertcondition" name="welcome" time="0.015"/>
  <system-out/>
  <testcase classname="satish12345.assertcondition" name="welcome3" time="0.002"/>
  <system-out/>
  <testcase classname="satish12345.assertcondition" name="welcome1" time="0.002"/>
  <system-out/>
  <testcase classname="satish12345.assertcondition" name="welcome2" time="0.001"/>
  <system-out/>
</testsuite> <!-- satish12345.assertcondition -->
