<?xml version="1.0" encoding="UTF-8"?>
<!-- Generated by org.testng.reporters.JUnitReportReporter -->
<testsuite hostname="DESKTOP-HACB02N" failures="0" tests="2" name="satish12345.test1" time="27.284" errors="0" timestamp="2022-12-16T11:13:27 IST" skipped="0">
  <testcase classname="satish12345.test1" name="Login" time="11.972"/>
  <system-out/>
  <testcase classname="satish12345.test1" name="Homepage" time="15.312"/>
  <system-out/>
</testsuite> <!-- satish12345.test1 -->
