<?xml version="1.0" encoding="UTF-8"?>
<!-- Generated by org.testng.reporters.JUnitReportReporter -->
<testsuite hostname="DESKTOP-HACB02N" failures="0" tests="1" name="satish12345.testassert" time="3.136" errors="0" timestamp="2022-12-12T14:57:34 IST" skipped="0">
  <testcase classname="satish12345.testassert" name="asserttest" time="3.136"/>
  <system-out/>
</testsuite> <!-- satish12345.testassert -->
