<?xml version="1.0" encoding="UTF-8"?>
<!-- Generated by org.testng.reporters.JUnitReportReporter -->
<testsuite hostname="DESKTOP-HACB02N" failures="0" tests="1" name="satish12345.test7" time="31.746" errors="0" timestamp="2022-12-13T15:07:50 IST" skipped="0">
  <testcase classname="satish12345.test7" name="window" time="31.746"/>
  <system-out/>
</testsuite> <!-- satish12345.test7 -->
