<?xml version="1.0" encoding="UTF-8"?>
<!-- Generated by org.testng.reporters.JUnitReportReporter -->
<testsuite hostname="DESKTOP-HACB02N" failures="0" tests="1" name="satish12345.groups" time="13.405" errors="0" timestamp="2023-01-29T20:34:23 IST" skipped="0">
  <testcase classname="satish12345.groups" name="testcase1" time="13.405"/>
  <system-out/>
</testsuite> <!-- satish12345.groups -->
