<?xml version="1.0" encoding="UTF-8"?>
<!-- Generated by org.testng.reporters.JUnitReportReporter -->
<testsuite hostname="DESKTOP-HACB02N" failures="0" tests="1" name="satish12345.test3" time="28.289" errors="0" timestamp="2022-12-09T15:33:23 IST" skipped="0">
  <testcase classname="satish12345.test3" name="actions" time="28.289"/>
  <system-out/>
</testsuite> <!-- satish12345.test3 -->
