<?xml version="1.0" encoding="UTF-8"?>
<!-- Generated by org.testng.reporters.JUnitReportReporter -->
<testsuite hostname="DESKTOP-HACB02N" failures="0" tests="1" name="satish12345.Frames" time="9.574" errors="0" timestamp="2023-01-04T14:47:06 IST" skipped="0">
  <testcase classname="satish12345.Frames" name="frames1" time="9.574"/>
  <system-out/>
</testsuite> <!-- satish12345.Frames -->
