<?xml version="1.0" encoding="UTF-8"?>
<!-- Generated by org.testng.reporters.JUnitReportReporter -->
<testsuite hostname="DESKTOP-HACB02N" failures="0" tests="2" name="satish12345.test8" time="33.821" errors="0" timestamp="2022-12-13T15:40:18 IST" skipped="0">
  <testcase classname="satish12345.test8" name="data_provider" time="17.161"/>
  <system-out/>
  <testcase classname="satish12345.test8" name="data_provider" time="16.660"/>
  <system-out/>
</testsuite> <!-- satish12345.test8 -->
