<?xml version="1.0" encoding="UTF-8"?>
<!-- Generated by org.testng.reporters.JUnitReportReporter -->
<testsuite hostname="DESKTOP-HACB02N" failures="0" tests="7" name="satish12345.test5" time="118.259" errors="0" timestamp="2022-12-13T08:02:13 IST" skipped="0">
  <testcase classname="satish12345.test5" name="textbox" time="13.231"/>
  <system-out/>
  <testcase classname="satish12345.test5" name="CheckBox" time="5.956"/>
  <system-out/>
  <testcase classname="satish12345.test5" name="RadioButton" time="4.532"/>
  <system-out/>
  <testcase classname="satish12345.test5" name="WebTables" time="10.245"/>
  <system-out/>
  <testcase classname="satish12345.test5" name="Buttons" time="13.023"/>
  <system-out/>
  <testcase classname="satish12345.test5" name="Links" time="44.215"/>
  <system-out/>
  <testcase classname="satish12345.test5" name="Forms" time="27.057"/>
  <system-out/>
</testsuite> <!-- satish12345.test5 -->
