<?xml version="1.0" encoding="UTF-8"?>
<!-- Generated by org.testng.reporters.JUnitReportReporter -->
<testsuite hostname="DESKTOP-HACB02N" failures="0" tests="2" name="TestRunner.Runner" time="32.019" errors="0" timestamp="2023-03-13T13:19:38 IST" skipped="0">
  <testcase classname="TestRunner.Runner" name="runScenario" time="15.792"/>
  <system-out/>
  <testcase classname="TestRunner.Runner" name="runScenario" time="16.227"/>
  <system-out/>
</testsuite> <!-- TestRunner.Runner -->
