<?xml version="1.0" encoding="UTF-8"?>
<!-- Generated by org.testng.reporters.JUnitReportReporter -->
<testsuite hostname="DESKTOP-HACB02N" failures="0" tests="1" name="datapakg.data1" time="40.923" errors="0" timestamp="2023-01-29T20:50:25 IST" skipped="0">
  <testcase classname="datapakg.data1" name="datadriven" time="40.923"/>
  <system-out/>
</testsuite> <!-- datapakg.data1 -->
