<?xml version="1.0" encoding="UTF-8"?>
<!-- Generated by org.testng.reporters.JUnitReportReporter -->
<testsuite hostname="DESKTOP-HACB02N" failures="0" tests="1" name="datapakg.Readexcel" time="1.247" errors="0" timestamp="2022-12-19T17:21:18 IST" skipped="0">
  <testcase classname="datapakg.Readexcel" name="f" time="1.247"/>
  <system-out/>
</testsuite> <!-- datapakg.Readexcel -->
