<?xml version="1.0" encoding="UTF-8"?>
<!-- Generated by org.testng.reporters.JUnitReportReporter -->
<testsuite hostname="DESKTOP-HACB02N" failures="0" tests="1" name="datapakg.data1" time="41.351" errors="0" timestamp="2022-12-20T11:24:47 IST" skipped="0">
  <testcase classname="datapakg.data1" name="datadriven" time="41.351"/>
  <system-out/>
</testsuite> <!-- datapakg.data1 -->
