<?xml version="1.0" encoding="UTF-8"?>
<!-- Generated by org.testng.reporters.JUnitReportReporter -->
<testsuite hostname="DESKTOP-HACB02N" failures="0" tests="2" name="Project1.testadmin" time="19.188" errors="0" timestamp="2022-12-19T13:42:14 IST" skipped="0">
  <testcase classname="Project1.testadmin" name="Login" time="5.319"/>
  <system-out/>
  <testcase classname="Project1.testadmin" name="Admin" time="13.869"/>
  <system-out/>
</testsuite> <!-- Project1.testadmin -->
