<?xml version="1.0" encoding="UTF-8"?>
<!-- Generated by org.testng.reporters.JUnitReportReporter -->
<testsuite hostname="DESKTOP-HACB02N" failures="0" tests="2" name="Project1.testadmin" time="7.315" errors="0" timestamp="2023-01-17T17:26:48 IST" skipped="1">
  <testcase classname="Project1.testadmin" name="Login" time="7.315"/>
  <system-out/>
  <testcase classname="Project1.testadmin" name="Admin">
    <skipped/>
  </testcase> <!-- Admin -->
  <system-out/>
</testsuite> <!-- Project1.testadmin -->
