<?xml version="1.0" encoding="UTF-8"?>
<!-- Generated by org.testng.reporters.JUnitReportReporter -->
<testsuite hostname="DESKTOP-HACB02N" failures="0" tests="1" name="rahulshetty01.NewTest" time="6.105" errors="0" timestamp="2023-01-04T16:37:11 IST" skipped="0">
  <testcase classname="rahulshetty01.NewTest" name="f" time="6.105"/>
  <system-out/>
</testsuite> <!-- rahulshetty01.NewTest -->
