<?xml version="1.0" encoding="UTF-8"?>
<!-- Generated by org.testng.reporters.JUnitReportReporter -->
<testsuite hostname="DESKTOP-HACB02N" failures="0" tests="11" name="rahulshetty01.test1" time="6.829" errors="0" timestamp="2023-01-17T16:20:03 IST" skipped="10">
  <testcase classname="rahulshetty01.test1" name="radiobutton" time="6.829"/>
  <system-out/>
  <testcase classname="rahulshetty01.test1" name="hideshow">
    <skipped/>
  </testcase> <!-- hideshow -->
  <system-out/>
  <testcase classname="rahulshetty01.test1" name="scroll">
    <skipped/>
  </testcase> <!-- scroll -->
  <system-out/>
  <testcase classname="rahulshetty01.test1" name="Mouse_hover">
    <skipped/>
  </testcase> <!-- Mouse_hover -->
  <system-out/>
  <testcase classname="rahulshetty01.test1" name="autosugg">
    <skipped/>
  </testcase> <!-- autosugg -->
  <system-out/>
  <testcase classname="rahulshetty01.test1" name="dropdown">
    <skipped/>
  </testcase> <!-- dropdown -->
  <system-out/>
  <testcase classname="rahulshetty01.test1" name="openwindow">
    <skipped/>
  </testcase> <!-- openwindow -->
  <system-out/>
  <testcase classname="rahulshetty01.test1" name="opentab">
    <skipped/>
  </testcase> <!-- opentab -->
  <system-out/>
  <testcase classname="rahulshetty01.test1" name="alerts">
    <skipped/>
  </testcase> <!-- alerts -->
  <system-out/>
  <testcase classname="rahulshetty01.test1" name="checkbox">
    <skipped/>
  </testcase> <!-- checkbox -->
  <system-out/>
  <testcase classname="rahulshetty01.test1" name="frames">
    <skipped/>
  </testcase> <!-- frames -->
  <system-out/>
</testsuite> <!-- rahulshetty01.test1 -->
