<?xml version="1.0" encoding="UTF-8"?>
<!-- Generated by org.testng.reporters.JUnitReportReporter -->
<testsuite hostname="DESKTOP-HACB02N" failures="0" tests="4" name="mobiletesting1.banjara_extent_report" time="161.745" errors="0" timestamp="2023-01-29T19:13:19 IST" skipped="0">
  <testcase classname="mobiletesting1.banjara_extent_report" name="Login" time="34.144"/>
  <system-out/>
  <testcase classname="mobiletesting1.banjara_extent_report" name="Select_Ride" time="81.713"/>
  <system-out/>
  <testcase classname="mobiletesting1.banjara_extent_report" name="Search_option" time="10.445"/>
  <system-out/>
  <testcase classname="mobiletesting1.banjara_extent_report" name="Call_option" time="35.443"/>
  <system-out/>
</testsuite> <!-- mobiletesting1.banjara_extent_report -->
