<?xml version="1.0" encoding="UTF-8"?>
<!-- Generated by org.testng.reporters.JUnitReportReporter -->
<testsuite hostname="DESKTOP-HACB02N" failures="0" tests="1" name="mobiletesting1.capability" time="0.122" errors="0" timestamp="2023-01-19T13:14:44 IST" skipped="0">
  <testcase classname="mobiletesting1.capability" name="f" time="0.122"/>
  <system-out/>
</testsuite> <!-- mobiletesting1.capability -->
