<?xml version="1.0" encoding="UTF-8"?>
<!-- Generated by org.testng.reporters.JUnitReportReporter -->
<testsuite hostname="DESKTOP-HACB02N" failures="0" tests="1" name="mobiletesting1.google" time="27.492" errors="0" timestamp="2023-01-18T10:43:11 IST" skipped="0">
  <testcase classname="mobiletesting1.google" name="search" time="27.492"/>
  <system-out/>
</testsuite> <!-- mobiletesting1.google -->
