<?xml version="1.0" encoding="UTF-8"?>
<!-- Generated by org.testng.reporters.JUnitReportReporter -->
<testsuite hostname="DESKTOP-HACB02N" failures="0" tests="1" name="mobiletesting1.NewTest1" time="82.783" errors="0" timestamp="2023-01-17T11:34:01 IST" skipped="0">
  <testcase classname="mobiletesting1.NewTest1" name="f" time="82.783"/>
  <system-out/>
</testsuite> <!-- mobiletesting1.NewTest1 -->
