<?xml version="1.0" encoding="UTF-8"?>
<!-- Generated by org.testng.reporters.JUnitReportReporter -->
<testsuite hostname="DESKTOP-HACB02N" failures="0" tests="2" name="mobiletesting1.hybridtest" time="93.150" errors="0" timestamp="2023-01-20T11:29:25 IST" skipped="0">
  <testcase classname="mobiletesting1.hybridtest" name="test1" time="37.067"/>
  <system-out/>
  <testcase classname="mobiletesting1.hybridtest" name="test2" time="56.083"/>
  <system-out/>
</testsuite> <!-- mobiletesting1.hybridtest -->
